This is pdfTeX, Version 3.141592653-2.6-1.40.26 (TeX Live 2024) (preloaded format=pdflatex 2024.6.20)  7 JUL 2024 21:55
entering extended mode
 restricted \write18 enabled.
 file:line:error style messages enabled.
 %&-line parsing enabled.
**c:/Repositories/OpenUniversiteit/BRAL/BRAL_Assignment2/paper/paper.tex
(c:/Repositories/OpenUniversiteit/BRAL/BRAL_Assignment2/paper/paper.tex
LaTeX2e <2024-06-01> patch level 1
L3 programming layer <2024-05-27>
(c:/texlive/2024/texmf-dist/tex/latex/base/article.cls
Document Class: article 2024/02/08 v1.4n Standard LaTeX document class
(c:/texlive/2024/texmf-dist/tex/latex/base/size10.clo
File: size10.clo 2024/02/08 v1.4n Standard LaTeX file (size option)
)
\c@part=\count194
\c@section=\count195
\c@subsection=\count196
\c@subsubsection=\count197
\c@paragraph=\count198
\c@subparagraph=\count199
\c@figure=\count266
\c@table=\count267
\abovecaptionskip=\skip49
\belowcaptionskip=\skip50
\bibindent=\dimen141
) (c:/texlive/2024/texmf-dist/tex/latex/float/float.sty
Package: float 2001/11/08 v1.3d Float enhancements (AL)
\c@float@type=\count268
\float@exts=\toks17
\float@box=\box52
\@float@everytoks=\toks18
\@floatcapt=\box53
) (c:/texlive/2024/texmf-dist/tex/latex/hyperref/hyperref.sty
Package: hyperref 2024-05-23 v7.01i Hypertext links for LaTeX
 (c:/texlive/2024/texmf-dist/tex/generic/iftex/iftex.sty
Package: iftex 2022/02/03 v1.0f TeX engine tests
) (c:/texlive/2024/texmf-dist/tex/latex/graphics/keyval.sty
Package: keyval 2022/05/29 v1.15 key=value parser (DPC)
\KV@toks@=\toks19
) (c:/texlive/2024/texmf-dist/tex/latex/kvsetkeys/kvsetkeys.sty
Package: kvsetkeys 2022-10-05 v1.19 Key value parser (HO)
) (c:/texlive/2024/texmf-dist/tex/generic/kvdefinekeys/kvdefinekeys.sty
Package: kvdefinekeys 2019-12-19 v1.6 Define keys (HO)
) (c:/texlive/2024/texmf-dist/tex/generic/pdfescape/pdfescape.sty
Package: pdfescape 2019/12/09 v1.15 Implements pdfTeX's escape features (HO)
 (c:/texlive/2024/texmf-dist/tex/generic/ltxcmds/ltxcmds.sty
Package: ltxcmds 2023-12-04 v1.26 LaTeX kernel commands for general use (HO)
) (c:/texlive/2024/texmf-dist/tex/generic/pdftexcmds/pdftexcmds.sty
Package: pdftexcmds 2020-06-27 v0.33 Utility functions of pdfTeX for LuaTeX (HO)
 (c:/texlive/2024/texmf-dist/tex/generic/infwarerr/infwarerr.sty
Package: infwarerr 2019/12/03 v1.5 Providing info/warning/error messages (HO)
)
Package pdftexcmds Info: \pdf@primitive is available.
Package pdftexcmds Info: \pdf@ifprimitive is available.
Package pdftexcmds Info: \pdfdraftmode found.
)) (c:/texlive/2024/texmf-dist/tex/latex/hycolor/hycolor.sty
Package: hycolor 2020-01-27 v1.10 Color options for hyperref/bookmark (HO)
) (c:/texlive/2024/texmf-dist/tex/latex/hyperref/nameref.sty
Package: nameref 2023-11-26 v2.56 Cross-referencing by name of section
 (c:/texlive/2024/texmf-dist/tex/latex/refcount/refcount.sty
Package: refcount 2019/12/15 v3.6 Data extraction from label references (HO)
) (c:/texlive/2024/texmf-dist/tex/generic/gettitlestring/gettitlestring.sty
Package: gettitlestring 2019/12/15 v1.6 Cleanup title references (HO)
 (c:/texlive/2024/texmf-dist/tex/latex/kvoptions/kvoptions.sty
Package: kvoptions 2022-06-15 v3.15 Key value format for package options (HO)
))
\c@section@level=\count269
) (c:/texlive/2024/texmf-dist/tex/latex/etoolbox/etoolbox.sty
Package: etoolbox 2020/10/05 v2.5k e-TeX tools for LaTeX (JAW)
\etb@tempcnta=\count270
) (c:/texlive/2024/texmf-dist/tex/generic/stringenc/stringenc.sty
Package: stringenc 2019/11/29 v1.12 Convert strings between diff. encodings (HO)
)
\@linkdim=\dimen142
\Hy@linkcounter=\count271
\Hy@pagecounter=\count272
 (c:/texlive/2024/texmf-dist/tex/latex/hyperref/pd1enc.def
File: pd1enc.def 2024-05-23 v7.01i Hyperref: PDFDocEncoding definition (HO)
Now handling font encoding PD1 ...
... no UTF-8 mapping file for font encoding PD1
) (c:/texlive/2024/texmf-dist/tex/generic/intcalc/intcalc.sty
Package: intcalc 2019/12/15 v1.3 Expandable calculations with integers (HO)
)
\Hy@SavedSpaceFactor=\count273
 (c:/texlive/2024/texmf-dist/tex/latex/hyperref/puenc.def
File: puenc.def 2024-05-23 v7.01i Hyperref: PDF Unicode definition (HO)
Now handling font encoding PU ...
... no UTF-8 mapping file for font encoding PU
)
Package hyperref Info: Hyper figures OFF on input line 4157.
Package hyperref Info: Link nesting OFF on input line 4162.
Package hyperref Info: Hyper index ON on input line 4165.
Package hyperref Info: Plain pages OFF on input line 4172.
Package hyperref Info: Backreferencing OFF on input line 4177.
Package hyperref Info: Implicit mode ON; LaTeX internals redefined.
Package hyperref Info: Bookmarks ON on input line 4424.
\c@Hy@tempcnt=\count274
 (c:/texlive/2024/texmf-dist/tex/latex/url/url.sty
\Urlmuskip=\muskip17
Package: url 2013/09/16  ver 3.4  Verb mode for urls, etc.
)
LaTeX Info: Redefining \url on input line 4763.
\XeTeXLinkMargin=\dimen143
 (c:/texlive/2024/texmf-dist/tex/generic/bitset/bitset.sty
Package: bitset 2019/12/09 v1.3 Handle bit-vector datatype (HO)
 (c:/texlive/2024/texmf-dist/tex/generic/bigintcalc/bigintcalc.sty
Package: bigintcalc 2019/12/15 v1.5 Expandable calculations on big integers (HO)
))
\Fld@menulength=\count275
\Field@Width=\dimen144
\Fld@charsize=\dimen145
Package hyperref Info: Hyper figures OFF on input line 6042.
Package hyperref Info: Link nesting OFF on input line 6047.
Package hyperref Info: Hyper index ON on input line 6050.
Package hyperref Info: backreferencing OFF on input line 6057.
Package hyperref Info: Link coloring OFF on input line 6062.
Package hyperref Info: Link coloring with OCG OFF on input line 6067.
Package hyperref Info: PDF/A mode OFF on input line 6072.
 (c:/texlive/2024/texmf-dist/tex/latex/base/atbegshi-ltx.sty
Package: atbegshi-ltx 2021/01/10 v1.0c Emulation of the original atbegshi
package with kernel methods
)
\Hy@abspage=\count276
\c@Item=\count277
\c@Hfootnote=\count278
)
Package hyperref Info: Driver (autodetected): hpdftex.
 (c:/texlive/2024/texmf-dist/tex/latex/hyperref/hpdftex.def
File: hpdftex.def 2024-05-23 v7.01i Hyperref driver for pdfTeX
 (c:/texlive/2024/texmf-dist/tex/latex/base/atveryend-ltx.sty
Package: atveryend-ltx 2020/08/19 v1.0a Emulation of the original atveryend package
with kernel methods
)
\Fld@listcount=\count279
\c@bookmark@seq@number=\count280
 (c:/texlive/2024/texmf-dist/tex/latex/rerunfilecheck/rerunfilecheck.sty
Package: rerunfilecheck 2022-07-10 v1.10 Rerun checks for auxiliary files (HO)
 (c:/texlive/2024/texmf-dist/tex/generic/uniquecounter/uniquecounter.sty
Package: uniquecounter 2019/12/15 v1.4 Provide unlimited unique counter (HO)
)
Package uniquecounter Info: New unique counter `rerunfilecheck' on input line 285.
)
\Hy@SectionHShift=\skip51
) (c:/texlive/2024/texmf-dist/tex/latex/graphics/graphicx.sty
Package: graphicx 2021/09/16 v1.2d Enhanced LaTeX Graphics (DPC,SPQR)
 (c:/texlive/2024/texmf-dist/tex/latex/graphics/graphics.sty
Package: graphics 2024/05/23 v1.4g Standard LaTeX Graphics (DPC,SPQR)
 (c:/texlive/2024/texmf-dist/tex/latex/graphics/trig.sty
Package: trig 2023/12/02 v1.11 sin cos tan (DPC)
) (c:/texlive/2024/texmf-dist/tex/latex/graphics-cfg/graphics.cfg
File: graphics.cfg 2016/06/04 v1.11 sample graphics configuration
)
Package graphics Info: Driver file: pdftex.def on input line 106.
 (c:/texlive/2024/texmf-dist/tex/latex/graphics-def/pdftex.def
File: pdftex.def 2024/04/13 v1.2c Graphics/color driver for pdftex
))
\Gin@req@height=\dimen146
\Gin@req@width=\dimen147
) (c:/texlive/2024/texmf-dist/tex/latex/caption/caption.sty
Package: caption 2023/08/05 v3.6o Customizing captions (AR)
 (c:/texlive/2024/texmf-dist/tex/latex/caption/caption3.sty
Package: caption3 2023/07/31 v2.4d caption3 kernel (AR)
\caption@tempdima=\dimen148
\captionmargin=\dimen149
\caption@leftmargin=\dimen150
\caption@rightmargin=\dimen151
\caption@width=\dimen152
\caption@indent=\dimen153
\caption@parindent=\dimen154
\caption@hangindent=\dimen155
Package caption Info: Standard document class detected.
)
\c@caption@flags=\count281
\c@continuedfloat=\count282
Package caption Info: float package is loaded.
Package caption Info: hyperref package is loaded.
) (c:/texlive/2024/texmf-dist/tex/latex/caption/subcaption.sty
Package: subcaption 2023/07/28 v1.6b Sub-captions (AR)
Package caption Info: New subtype `subfigure' on input line 238.
\c@subfigure=\count283
Package caption Info: New subtype `subtable' on input line 238.
\c@subtable=\count284
) (c:/texlive/2024/texmf-dist/tex/latex/l3backend/l3backend-pdftex.def
File: l3backend-pdftex.def 2024-05-08 L3 backend support: PDF output (pdfTeX)
\l__color_backend_stack_int=\count285
\l__pdf_internal_box=\box54
) (./paper.aux)
\openout1 = `paper.aux'.

LaTeX Font Info:    Checking defaults for OML/cmm/m/it on input line 14.
LaTeX Font Info:    ... okay on input line 14.
LaTeX Font Info:    Checking defaults for OMS/cmsy/m/n on input line 14.
LaTeX Font Info:    ... okay on input line 14.
LaTeX Font Info:    Checking defaults for OT1/cmr/m/n on input line 14.
LaTeX Font Info:    ... okay on input line 14.
LaTeX Font Info:    Checking defaults for T1/cmr/m/n on input line 14.
LaTeX Font Info:    ... okay on input line 14.
LaTeX Font Info:    Checking defaults for TS1/cmr/m/n on input line 14.
LaTeX Font Info:    ... okay on input line 14.
LaTeX Font Info:    Checking defaults for OMX/cmex/m/n on input line 14.
LaTeX Font Info:    ... okay on input line 14.
LaTeX Font Info:    Checking defaults for U/cmr/m/n on input line 14.
LaTeX Font Info:    ... okay on input line 14.
LaTeX Font Info:    Checking defaults for PD1/pdf/m/n on input line 14.
LaTeX Font Info:    ... okay on input line 14.
LaTeX Font Info:    Checking defaults for PU/pdf/m/n on input line 14.
LaTeX Font Info:    ... okay on input line 14.
Package hyperref Info: Link coloring OFF on input line 14.
 (./paper.out) (./paper.out)
\@outlinefile=\write3
\openout3 = `paper.out'.

 (c:/texlive/2024/texmf-dist/tex/context/base/mkii/supp-pdf.mkii
[Loading MPS to PDF converter (version 2006.09.02).]
\scratchcounter=\count286
\scratchdimen=\dimen156
\scratchbox=\box55
\nofMPsegments=\count287
\nofMParguments=\count288
\everyMPshowfont=\toks20
\MPscratchCnt=\count289
\MPscratchDim=\dimen157
\MPnumerator=\count290
\makeMPintoPDFobject=\count291
\everyMPtoPDFconversion=\toks21
) (c:/texlive/2024/texmf-dist/tex/latex/epstopdf-pkg/epstopdf-base.sty
Package: epstopdf-base 2020-01-24 v2.11 Base part for package epstopdf
Package epstopdf-base Info: Redefining graphics rule for `.eps' on input line 485.
 (c:/texlive/2024/texmf-dist/tex/latex/latexconfig/epstopdf-sys.cfg
File: epstopdf-sys.cfg 2010/07/13 v1.3 Configuration of (r)epstopdf for TeX Live
))
Package caption Info: Begin \AtBeginDocument code.
Package caption Info: End \AtBeginDocument code.
LaTeX Font Info:    External font `cmex10' loaded for size
(Font)              <12> on input line 16.
LaTeX Font Info:    External font `cmex10' loaded for size
(Font)              <8> on input line 16.
LaTeX Font Info:    External font `cmex10' loaded for size
(Font)              <6> on input line 16.

Overfull \hbox (4.53613pt too wide) in paragraph at lines 24--24
[]\OT1/cmr/bx/n/12 Investigating the ef-fect of sam-ple size on learn-ing struc-
 []

<../figures/Assignment1_network_topology.png, id=52, 517.18219pt x 173.14688pt>
File: ../figures/Assignment1_network_topology.png Graphic file (type png)
<use ../figures/Assignment1_network_topology.png>
Package pdftex.def Info: ../figures/Assignment1_network_topology.png  used on input line 28.
(pdftex.def)             Requested size: 345.0pt x 115.50581pt.
LaTeX Font Info:    External font `cmex10' loaded for size
(Font)              <7> on input line 36.
LaTeX Font Info:    External font `cmex10' loaded for size
(Font)              <5> on input line 36.
<../figures/getBNDiff_example.png, id=54, 952.30782pt x 570.63188pt>
File: ../figures/getBNDiff_example.png Graphic file (type png)
<use ../figures/getBNDiff_example.png>
Package pdftex.def Info: ../figures/getBNDiff_example.png  used on input line 40.
(pdftex.def)             Requested size: 345.0pt x 206.72469pt.


[1

{c:/texlive/2024/texmf-var/fonts/map/pdftex/updmap/pdftex.map} <../figures/Assignment1_network_topology.png>]
<../figures/Breast_cancer_network_topology.png, id=66, 514.17094pt x 344.78813pt>
File: ../figures/Breast_cancer_network_topology.png Graphic file (type png)
<use ../figures/Breast_cancer_network_topology.png>
Package pdftex.def Info: ../figures/Breast_cancer_network_topology.png  used on input line 48.
(pdftex.def)             Requested size: 345.0pt x 231.3488pt.


[2 <../figures/getBNDiff_example.png>]
Overfull \hbox (4.53613pt too wide) in paragraph at lines 65--65
[]\OT1/cmr/bx/n/12 Investigating the ef-fect of sam-ple size on learn-ing struc-
 []



[3 <../figures/Breast_cancer_network_topology.png>]
<../figures/Breast_cancer_learned_diff.png, id=84, 1086.30844pt x 604.50844pt>
File: ../figures/Breast_cancer_learned_diff.png Graphic file (type png)
<use ../figures/Breast_cancer_learned_diff.png>
Package pdftex.def Info: ../figures/Breast_cancer_learned_diff.png  used on input line 83.
(pdftex.def)             Requested size: 345.0pt x 191.98924pt.


[4]
<../figures/roc_original.png, id=90, 591.71063pt x 467.49657pt>
File: ../figures/roc_original.png Graphic file (type png)
<use ../figures/roc_original.png>
Package pdftex.def Info: ../figures/roc_original.png  used on input line 95.
(pdftex.def)             Requested size: 103.50105pt x 81.77032pt.
<../figures/roc_learned.png, id=91, 587.19376pt x 470.50781pt>
File: ../figures/roc_learned.png Graphic file (type png)
<use ../figures/roc_learned.png>
Package pdftex.def Info: ../figures/roc_learned.png  used on input line 102.
(pdftex.def)             Requested size: 103.50105pt x 82.9288pt.
<../figures/roc_steered.png, id=92, 587.94656pt x 466.74374pt>
File: ../figures/roc_steered.png Graphic file (type png)
<use ../figures/roc_steered.png>
Package pdftex.def Info: ../figures/roc_steered.png  used on input line 109.
(pdftex.def)             Requested size: 103.50105pt x 82.16566pt.

Overfull \hbox (4.53613pt too wide) in paragraph at lines 118--118
[]\OT1/cmr/bx/n/12 Investigating the ef-fect of sam-ple size on learn-ing struc-
 []



[5 <../figures/Breast_cancer_learned_diff.png> <../figures/roc_original.png> <../figures/roc_learned.png> <../figures/roc_steered.png>]
<../figures/greedy_hill_100.png, id=104, 1088.56688pt x 352.31625pt>
File: ../figures/greedy_hill_100.png Graphic file (type png)
<use ../figures/greedy_hill_100.png>
Package pdftex.def Info: ../figures/greedy_hill_100.png  used on input line 156.
(pdftex.def)             Requested size: 345.0pt x 111.65756pt.
<../figures/greedy_hill_500.png, id=105, 1091.57813pt x 354.57469pt>
File: ../figures/greedy_hill_500.png Graphic file (type png)
<use ../figures/greedy_hill_500.png>
Package pdftex.def Info: ../figures/greedy_hill_500.png  used on input line 162.
(pdftex.def)             Requested size: 345.0pt x 112.06493pt.
<../figures/greedy_hill_1000.png, id=106, 1099.10625pt x 357.58594pt>
File: ../figures/greedy_hill_1000.png Graphic file (type png)
<use ../figures/greedy_hill_1000.png>
Package pdftex.def Info: ../figures/greedy_hill_1000.png  used on input line 168.
(pdftex.def)             Requested size: 345.0pt x 112.24185pt.


[6 <../figures/greedy_hill_100.png>]
<../figures/greedy_hill_5000.png, id=113, 1095.3422pt x 359.84438pt>
File: ../figures/greedy_hill_5000.png Graphic file (type png)
<use ../figures/greedy_hill_5000.png>
Package pdftex.def Info: ../figures/greedy_hill_5000.png  used on input line 174.
(pdftex.def)             Requested size: 345.0pt x 113.34059pt.
<../figures/greedy_hill_10000.png, id=114, 1093.08376pt x 362.85562pt>
File: ../figures/greedy_hill_10000.png Graphic file (type png)
<use ../figures/greedy_hill_10000.png>
Package pdftex.def Info: ../figures/greedy_hill_10000.png  used on input line 180.
(pdftex.def)             Requested size: 345.0pt x 114.52159pt.
<../figures/MIIC_100.png, id=115, 1097.60063pt x 355.3275pt>
File: ../figures/MIIC_100.png Graphic file (type png)
<use ../figures/MIIC_100.png>
Package pdftex.def Info: ../figures/MIIC_100.png  used on input line 186.
(pdftex.def)             Requested size: 345.0pt x 111.68475pt.


[7 <../figures/greedy_hill_500.png> <../figures/greedy_hill_1000.png> <../figures/greedy_hill_5000.png>]
<../figures/MIIC_500.png, id=127, 1088.56688pt x 357.58594pt>
File: ../figures/MIIC_500.png Graphic file (type png)
<use ../figures/MIIC_500.png>
Package pdftex.def Info: ../figures/MIIC_500.png  used on input line 192.
(pdftex.def)             Requested size: 345.0pt x 113.32765pt.
<../figures/MIIC_1000.png, id=128, 1098.35344pt x 355.3275pt>
File: ../figures/MIIC_1000.png Graphic file (type png)
<use ../figures/MIIC_1000.png>
Package pdftex.def Info: ../figures/MIIC_1000.png  used on input line 198.
(pdftex.def)             Requested size: 345.0pt x 111.60886pt.
<../figures/MIIC_5000.png, id=129, 1094.58937pt x 355.3275pt>
File: ../figures/MIIC_5000.png Graphic file (type png)
<use ../figures/MIIC_5000.png>
Package pdftex.def Info: ../figures/MIIC_5000.png  used on input line 204.
(pdftex.def)             Requested size: 345.0pt x 111.9938pt.


[8 <../figures/greedy_hill_10000.png> <../figures/MIIC_100.png> <../figures/MIIC_500.png>]
<../figures/MIIC_10000.png, id=140, 1096.095pt x 355.3275pt>
File: ../figures/MIIC_10000.png Graphic file (type png)
<use ../figures/MIIC_10000.png>
Package pdftex.def Info: ../figures/MIIC_10000.png  used on input line 210.
(pdftex.def)             Requested size: 345.0pt x 111.842pt.
 (./paper.bbl

LaTeX Warning: Empty `thebibliography' environment on input line 3.

)

[9 <../figures/MIIC_1000.png> <../figures/MIIC_5000.png> <../figures/MIIC_10000.png>] (./paper.aux)
 ***********
LaTeX2e <2024-06-01> patch level 1
L3 programming layer <2024-05-27>
 ***********
Package rerunfilecheck Info: File `paper.out' has not changed.
(rerunfilecheck)             Checksum: 6729177F46A057CFA7AE06336FB2DA50;2281.
 ) 
Here is how much of TeX's memory you used:
 10133 strings out of 473599
 164894 string characters out of 5732716
 1935908 words of memory out of 5000000
 32888 multiletter control sequences out of 15000+600000
 562829 words of font info for 52 fonts, out of 8000000 for 9000
 1141 hyphenation exceptions out of 8191
 75i,8n,79p,515b,520s stack positions out of 10000i,1000n,20000p,200000b,200000s
<c:/texlive/2024/texmf-dist/fonts/type1/public/amsfonts/cm/cmbx12.pfb><c:/texlive/2024/texmf-dist/fonts/type1/public/amsfonts/cm/cmmi10.pfb><c:/texlive/2024/texmf-dist/fonts/type1/public/amsfonts/cm/cmr10.pfb><c:/texlive/2024/texmf-dist/fonts/type1/public/amsfonts/cm/cmr12.pfb><c:/texlive/2024/texmf-dist/fonts/type1/public/amsfonts/cm/cmr17.pfb><c:/texlive/2024/texmf-dist/fonts/type1/public/amsfonts/cm/cmr9.pfb><c:/texlive/2024/texmf-dist/fonts/type1/public/amsfonts/cm/cmti10.pfb><c:/texlive/2024/texmf-dist/fonts/type1/public/amsfonts/cm/cmtt10.pfb>
Output written on paper.pdf (9 pages, 1137221 bytes).
PDF statistics:
 200 PDF objects out of 1000 (max. 8388607)
 137 compressed objects within 2 object streams
 38 named destinations out of 1000 (max. 500000)
 182 words of extra memory for PDF output out of 10000 (max. 10000000)

